2008-04-02 19:59:29,875 [main] INFO  o.b.conference.Application - Blindside.appStart
2008-04-02 19:59:29,890 [main] DEBUG o.b.conference.Application - Loading conference rooms
2008-04-02 19:59:29,906 [main] DEBUG o.b.conference.Application - Item no:0, Name: 85115, moderator: modpass, viewer: viewpass
2008-04-02 19:59:29,906 [main] DEBUG o.b.conference.Application - Item no:1, Name: 85101, moderator: modpass, viewer: viewpass
2008-04-02 20:00:16,812 [pool-4-thread-2] INFO  o.b.conference.Application - Blindside.roomStart 
2008-04-02 20:00:16,828 [pool-4-thread-2] INFO  o.b.conference.Application - Blindside.appConnect 0
2008-04-02 20:00:16,828 [pool-4-thread-2] INFO  o.b.conference.Application - Blindside.roomConnect 0
2008-04-02 20:00:16,828 [pool-4-thread-2] INFO  o.b.conference.Application - User logging [85115,Ric,modpass]
2008-04-02 20:00:16,828 [pool-4-thread-2] INFO  o.b.conference.Application - Setting userId and role [0,MODERATOR]
2008-04-02 20:00:16,953 [pool-4-thread-2] INFO  o.b.conference.Application - Blindside::roomConnect - Adding[0,1]
2008-04-02 20:00:16,953 [pool-4-thread-2] INFO  o.b.conference.Application - Blindside::roomJoin - 0
2008-04-02 20:00:17,031 [pool-4-thread-3] INFO  o.b.conference.Application - Received result OK for setUserIdAndRole
2008-04-02 20:01:55,453 [pool-4-thread-16] INFO  o.b.conference.Application - Blindside.appConnect 5
2008-04-02 20:01:55,453 [pool-4-thread-16] INFO  o.b.conference.Application - Blindside.roomConnect 5
2008-04-02 20:01:55,453 [pool-4-thread-16] INFO  o.b.conference.Application - User logging [85115,Gc,viewpass]
2008-04-02 20:01:55,453 [pool-4-thread-16] INFO  o.b.conference.Application - Setting userId and role [5,VIEWER]
2008-04-02 20:01:55,453 [pool-4-thread-16] INFO  o.b.conference.Application - Blindside::roomConnect - Adding[5,2]
2008-04-02 20:01:55,453 [pool-4-thread-16] INFO  o.b.conference.Application - Blindside::roomJoin - 5
2008-04-02 20:01:55,515 [pool-4-thread-16] INFO  o.b.conference.Application - Received result OK for setUserIdAndRole
2008-04-02 20:03:55,156 [pool-4-thread-15] INFO  o.b.conference.Application - Blindside::roomLeave - Removing[5,1]
2008-04-02 20:03:55,156 [pool-4-thread-15] INFO  o.b.conference.Application - Blindside.appDisconnect 5
2008-04-02 20:03:58,281 [pool-4-thread-14] INFO  o.b.conference.Application - Blindside::roomLeave - Removing[0,0]
2008-04-02 20:03:58,281 [pool-4-thread-14] INFO  o.b.conference.Application - Blindside.appDisconnect 0
