2008-05-15 17:13:36,584 [main] INFO  o.b.presentation.Application - Presentation::appStart - 
2008-05-15 17:13:36,755 [main] INFO  o.b.p.b.JmsConnectionContextListener - Connecting to presentation service
2008-05-15 17:13:36,765 [main] INFO  o.b.p.b.JmsConnectionContextListener - Connected to presentation service
2008-05-15 17:13:36,775 [Conversion Updates Listener] INFO  o.b.p.ConversionUpdatesService - Will wait for document conversion updates messages.
2008-05-15 17:13:56,462 [pool-4-thread-9] INFO  o.b.presentation.Application - Presentation::roomStart - 85115
2008-05-15 17:13:56,492 [pool-4-thread-9] INFO  o.b.presentation.Application - Presentation::appConnect - 1
2008-05-15 17:13:56,492 [pool-4-thread-9] INFO  o.b.presentation.Application - Presentation::roomConnect 1
2008-05-15 17:13:56,492 [pool-4-thread-9] INFO  o.b.presentation.Application - Presentation::roomJoin - 1
2008-05-15 17:14:38,921 [pool-4-thread-13] INFO  o.b.presentation.Application - Presentation::appConnect - 7
2008-05-15 17:14:38,921 [pool-4-thread-13] INFO  o.b.presentation.Application - Presentation::roomConnect 7
2008-05-15 17:14:38,921 [pool-4-thread-13] INFO  o.b.presentation.Application - Presentation::roomJoin - 7
2008-05-15 17:15:16,925 [pool-4-thread-16] INFO  o.b.presentation.Application - Presentation::appConnect - 12
2008-05-15 17:15:16,925 [pool-4-thread-16] INFO  o.b.presentation.Application - Presentation::roomConnect 12
2008-05-15 17:15:16,925 [pool-4-thread-16] INFO  o.b.presentation.Application - Presentation::roomJoin - 12
2008-05-15 17:17:03,814 [pool-4-thread-14] INFO  o.b.presentation.Application - Presentation::appConnect - 17
2008-05-15 17:17:03,814 [pool-4-thread-14] INFO  o.b.presentation.Application - Presentation::roomConnect 17
2008-05-15 17:17:03,814 [pool-4-thread-14] INFO  o.b.presentation.Application - Presentation::roomJoin - 17
2008-05-15 17:20:59,744 [pool-4-thread-12] INFO  o.b.presentation.Application - Presentation::appConnect - 22
2008-05-15 17:20:59,744 [pool-4-thread-12] INFO  o.b.presentation.Application - Presentation::roomConnect 22
2008-05-15 17:20:59,744 [pool-4-thread-12] INFO  o.b.presentation.Application - Presentation::roomJoin - 22
2008-05-15 17:40:27,997 [pool-4-thread-16] INFO  o.b.presentation.Application - Presentation::roomLeave - 1
2008-05-15 17:40:28,077 [pool-4-thread-16] INFO  o.b.presentation.Application - Presentation::appDisconnect - 1
2008-05-15 17:40:28,768 [pool-4-thread-12] INFO  o.b.presentation.Application - Presentation::roomLeave - 7
2008-05-15 17:40:28,768 [pool-4-thread-12] INFO  o.b.presentation.Application - Presentation::appDisconnect - 7
2008-05-15 17:40:29,429 [pool-4-thread-13] INFO  o.b.presentation.Application - Presentation::roomLeave - 12
2008-05-15 17:40:29,429 [pool-4-thread-13] INFO  o.b.presentation.Application - Presentation::appDisconnect - 12
2008-05-15 17:40:29,970 [pool-4-thread-7] INFO  o.b.presentation.Application - Presentation::roomLeave - 17
2008-05-15 17:40:29,970 [pool-4-thread-7] INFO  o.b.presentation.Application - Presentation::appDisconnect - 17
2008-05-15 17:40:30,421 [pool-4-thread-14] INFO  o.b.presentation.Application - Presentation::roomLeave - 22
2008-05-15 17:40:30,421 [pool-4-thread-14] INFO  o.b.presentation.Application - Presentation::appDisconnect - 22
